<?xml version="1.0" encoding="UTF-8"?>
<!-- Generated by org.testng.reporters.JUnitReportReporter -->
<testsuite hostname="ASDP1758PO02529" name="com.qait.tests.MMTTest" tests="4" failures="0" timestamp="5 Sep 2017 13:15:17 GMT" time="36.766" errors="0">
  <testcase name="searchForHotel" time="10.335" classname="com.qait.tests.MMTTest"/>
  <testcase name="clickPriceButton" time="13.439" classname="com.qait.tests.MMTTest"/>
  <testcase name="ckickOnHotel" time="6.274" classname="com.qait.tests.MMTTest"/>
  <testcase name="clickSearchButton" time="6.718" classname="com.qait.tests.MMTTest"/>
</testsuite> <!-- com.qait.tests.MMTTest -->
