<?xml version="1.0" encoding="UTF-8"?>
<!-- Generated by org.testng.reporters.JUnitReportReporter -->
<testsuite hostname="ASDP1758PO02529" name="com.qait.tests.LoginPageTest" tests="4" failures="0" timestamp="4 Sep 2017 13:19:15 GMT" time="19.963" errors="0">
  <testcase name="clickPriceButton" time="6.609" classname="com.qait.tests.LoginPageTest"/>
  <testcase name="ckickOnHotel" time="2.412" classname="com.qait.tests.LoginPageTest"/>
  <testcase name="searchForHotel" time="6.329" classname="com.qait.tests.LoginPageTest"/>
  <testcase name="clickSearchButton" time="4.613" classname="com.qait.tests.LoginPageTest"/>
</testsuite> <!-- com.qait.tests.LoginPageTest -->
