<?xml version="1.0" encoding="UTF-8"?>
<!-- Generated by org.testng.reporters.JUnitReportReporter -->
<testsuite hostname="ASDP1758PO02529" name="com.qait.tests.MMTTest" tests="4" failures="0" timestamp="5 Sep 2017 13:22:47 GMT" time="37.481" errors="0">
  <testcase name="searchForHotel" time="10.254" classname="com.qait.tests.MMTTest"/>
  <testcase name="clickPriceButton" time="13.232" classname="com.qait.tests.MMTTest"/>
  <testcase name="ckickOnHotel" time="6.170" classname="com.qait.tests.MMTTest"/>
  <testcase name="clickSearchButton" time="7.825" classname="com.qait.tests.MMTTest"/>
</testsuite> <!-- com.qait.tests.MMTTest -->
